1665658523879	geckodriver	INFO	Listening on 127.0.0.1:51710
1665658680666	geckodriver	INFO	Listening on 127.0.0.1:51797
1665658683757	mozrunner::runner	INFO	Running command: "C:\\Program Files\\Mozilla Firefox\\firefox.exe" "--marionette" "--remote-debugging-port" "51798" "--remote-allow-hosts" "localhost" "-no-remote" "-profile" "C:\\Users\\STUDEN~1\\AppData\\Local\\Temp\\rust_mozprofileuIXDKd"
1665658684116	Marionette	INFO	Marionette enabled
1665658684122	Marionette	INFO	Listening on port 51807
Read port: 51807
WebDriver BiDi listening on ws://127.0.0.1:51798
1665658684219	RemoteAgent	WARN	TLS certificate errors will be ignored for this session
console.warn: SearchSettings: "get: No settings file exists, new profile?" (new NotFoundError("Could not open the file at C:\\Users\\STUDEN~1\\AppData\\Local\\Temp\\rust_mozprofileuIXDKd\\search.json.mozlz4", (void 0)))
DevTools listening on ws://127.0.0.1:51798/devtools/browser/fc1f37b3-31bd-42fd-bac4-4ea881a97c21
JavaScript warning: https://stats.mos.ru/ss2.min.js, line 1: WEBGL_debug_renderer_info is deprecated in Firefox and will be removed. Please use RENDERER.
JavaScript warning: https://stats.mos.ru/ss2.min.js, line 1: WEBGL_debug_renderer_info is deprecated in Firefox and will be removed. Please use RENDERER.
JavaScript warning: https://login.mos.ru/sps/assets/blitz-common/ilib/fingerprint2/fingerprint2-1.7.0.min.js, line 1: WEBGL_debug_renderer_info is deprecated in Firefox and will be removed. Please use RENDERER.
JavaScript warning: https://login.mos.ru/sps/assets/blitz-common/ilib/fingerprint2/fingerprint2-1.7.0.min.js, line 1: WEBGL_debug_renderer_info is deprecated in Firefox and will be removed. Please use RENDERER.
JavaScript warning: https://login.mos.ru/js/das.obf.js, line 1: WEBGL_debug_renderer_info is deprecated in Firefox and will be removed. Please use RENDERER.
1665658688267	Marionette	INFO	Stopped listening on port 51807
JavaScript warning: https://login.mos.ru/js/das.obf.js, line 1: WEBGL_debug_renderer_info is deprecated in Firefox and will be removed. Please use RENDERER.
JavaScript error: resource://gre/modules/Sqlite.jsm, line 1108: Error: Sqlite.jsm has been shutdown. Cannot open connection to: C:\Users\STUDEN~1\AppData\Local\Temp\rust_mozprofileuIXDKd\protections.sqlite
1665658795974	geckodriver	INFO	Listening on 127.0.0.1:51965
1665658799040	mozrunner::runner	INFO	Running command: "C:\\Program Files\\Mozilla Firefox\\firefox.exe" "--marionette" "--headless" "--remote-debugging-port" "51966" "--remote-allow-hosts" "localhost" "-no-remote" "-profile" "C:\\Users\\STUDEN~1\\AppData\\Local\\Temp\\rust_mozprofileMmPzmQ"
*** You are running in headless mode.
1665658799378	Marionette	INFO	Marionette enabled
1665658799382	Marionette	INFO	Listening on port 51975
WebDriver BiDi listening on ws://127.0.0.1:51966
Read port: 51975
1665658799620	RemoteAgent	WARN	TLS certificate errors will be ignored for this session
[GFX1-]: RenderCompositorSWGL failed mapping default framebuffer, no dt
console.warn: SearchSettings: "get: No settings file exists, new profile?" (new NotFoundError("Could not open the file at C:\\Users\\STUDEN~1\\AppData\\Local\\Temp\\rust_mozprofileMmPzmQ\\search.json.mozlz4", (void 0)))
DevTools listening on ws://127.0.0.1:51966/devtools/browser/7d8ffd49-6afb-4a42-8c67-c8a45e526b03
console.warn: LoginRecipes: "Falling back to a synchronous message for: https://emias.info."
1665658809108	Marionette	INFO	Stopped listening on port 51975
1665658857081	geckodriver	INFO	Listening on 127.0.0.1:52024
1665658860113	mozrunner::runner	INFO	Running command: "C:\\Program Files\\Mozilla Firefox\\firefox.exe" "--marionette" "--headless" "--remote-debugging-port" "52025" "--remote-allow-hosts" "localhost" "-no-remote" "-profile" "C:\\Users\\STUDEN~1\\AppData\\Local\\Temp\\rust_mozprofile5YI14b"
*** You are running in headless mode.
1665658860413	Marionette	INFO	Marionette enabled
1665658860416	Marionette	INFO	Listening on port 52034
Read port: 52034
WebDriver BiDi listening on ws://127.0.0.1:52025
1665658860488	RemoteAgent	WARN	TLS certificate errors will be ignored for this session
[GFX1-]: RenderCompositorSWGL failed mapping default framebuffer, no dt
console.warn: SearchSettings: "get: No settings file exists, new profile?" (new NotFoundError("Could not open the file at C:\\Users\\STUDEN~1\\AppData\\Local\\Temp\\rust_mozprofile5YI14b\\search.json.mozlz4", (void 0)))
DevTools listening on ws://127.0.0.1:52025/devtools/browser/393b66aa-638d-4c6d-8632-2a223ab86873
console.warn: LoginRecipes: "Falling back to a synchronous message for: https://emias.info."
1665658899966	Marionette	INFO	Stopped listening on port 52034
1665658958806	geckodriver	INFO	Listening on 127.0.0.1:52105
1665658961860	mozrunner::runner	INFO	Running command: "C:\\Program Files\\Mozilla Firefox\\firefox.exe" "--marionette" "--remote-debugging-port" "52106" "--remote-allow-hosts" "localhost" "-no-remote" "-profile" "C:\\Users\\STUDEN~1\\AppData\\Local\\Temp\\rust_mozprofilegg4jCR"
1665658962159	Marionette	INFO	Marionette enabled
1665658962164	Marionette	INFO	Listening on port 52115
Read port: 52115
WebDriver BiDi listening on ws://127.0.0.1:52106
1665658962249	RemoteAgent	WARN	TLS certificate errors will be ignored for this session
console.warn: SearchSettings: "get: No settings file exists, new profile?" (new NotFoundError("Could not open the file at C:\\Users\\STUDEN~1\\AppData\\Local\\Temp\\rust_mozprofilegg4jCR\\search.json.mozlz4", (void 0)))
DevTools listening on ws://127.0.0.1:52106/devtools/browser/62d66fcb-1ee0-4e52-bf37-11003a5d6c72
JavaScript warning: https://stats.mos.ru/ss2.min.js, line 1: WEBGL_debug_renderer_info is deprecated in Firefox and will be removed. Please use RENDERER.
JavaScript warning: https://stats.mos.ru/ss2.min.js, line 1: WEBGL_debug_renderer_info is deprecated in Firefox and will be removed. Please use RENDERER.
JavaScript warning: https://login.mos.ru/js/das.obf.js, line 1: WEBGL_debug_renderer_info is deprecated in Firefox and will be removed. Please use RENDERER.
JavaScript warning: https://login.mos.ru/js/das.obf.js, line 1: WEBGL_debug_renderer_info is deprecated in Firefox and will be removed. Please use RENDERER.
1665658965740	Marionette	INFO	Stopped listening on port 52115
JavaScript warning: https://login.mos.ru/sps/assets/blitz-common/ilib/fingerprint2/fingerprint2-1.7.0.min.js, line 1: WEBGL_debug_renderer_info is deprecated in Firefox and will be removed. Please use RENDERER.
JavaScript warning: https://login.mos.ru/sps/assets/blitz-common/ilib/fingerprint2/fingerprint2-1.7.0.min.js, line 1: WEBGL_debug_renderer_info is deprecated in Firefox and will be removed. Please use RENDERER.
1665659138662	geckodriver	INFO	Listening on 127.0.0.1:52167
1665659141739	mozrunner::runner	INFO	Running command: "C:\\Program Files\\Mozilla Firefox\\firefox.exe" "--marionette" "--remote-debugging-port" "52168" "--remote-allow-hosts" "localhost" "-no-remote" "-profile" "C:\\Users\\STUDEN~1\\AppData\\Local\\Temp\\rust_mozprofilemHVQ5y"
1665659142012	Marionette	INFO	Marionette enabled
1665659142017	Marionette	INFO	Listening on port 52177
WebDriver BiDi listening on ws://127.0.0.1:52168
Read port: 52177
1665659142121	RemoteAgent	WARN	TLS certificate errors will be ignored for this session
console.warn: SearchSettings: "get: No settings file exists, new profile?" (new NotFoundError("Could not open the file at C:\\Users\\STUDEN~1\\AppData\\Local\\Temp\\rust_mozprofilemHVQ5y\\search.json.mozlz4", (void 0)))
DevTools listening on ws://127.0.0.1:52168/devtools/browser/77298ba2-59a2-443e-8594-5ede850cd6c3
JavaScript warning: https://stats.mos.ru/ss2.min.js, line 1: WEBGL_debug_renderer_info is deprecated in Firefox and will be removed. Please use RENDERER.
JavaScript warning: https://stats.mos.ru/ss2.min.js, line 1: WEBGL_debug_renderer_info is deprecated in Firefox and will be removed. Please use RENDERER.
JavaScript warning: https://login.mos.ru/js/das.obf.js, line 1: WEBGL_debug_renderer_info is deprecated in Firefox and will be removed. Please use RENDERER.
JavaScript warning: https://login.mos.ru/js/das.obf.js, line 1: WEBGL_debug_renderer_info is deprecated in Firefox and will be removed. Please use RENDERER.
1665659145632	Marionette	INFO	Stopped listening on port 52177
[Parent 54200, IPC I/O Parent] WARNING: file /builds/worker/checkouts/gecko/ipc/chromium/src/base/process_util_win.cc:167
1665659322014	geckodriver	INFO	Listening on 127.0.0.1:52210
1665659325106	mozrunner::runner	INFO	Running command: "C:\\Program Files\\Mozilla Firefox\\firefox.exe" "--marionette" "--remote-debugging-port" "52211" "--remote-allow-hosts" "localhost" "-no-remote" "-profile" "C:\\Users\\STUDEN~1\\AppData\\Local\\Temp\\rust_mozprofileYiwNjT"
1665659325383	Marionette	INFO	Marionette enabled
1665659325387	Marionette	INFO	Listening on port 52220
WebDriver BiDi listening on ws://127.0.0.1:52211
Read port: 52220
1665659325487	RemoteAgent	WARN	TLS certificate errors will be ignored for this session
console.warn: SearchSettings: "get: No settings file exists, new profile?" (new NotFoundError("Could not open the file at C:\\Users\\STUDEN~1\\AppData\\Local\\Temp\\rust_mozprofileYiwNjT\\search.json.mozlz4", (void 0)))
DevTools listening on ws://127.0.0.1:52211/devtools/browser/b6500c12-5043-4028-a869-bbef5d7e284e
JavaScript warning: https://stats.mos.ru/ss2.min.js, line 1: WEBGL_debug_renderer_info is deprecated in Firefox and will be removed. Please use RENDERER.
JavaScript warning: https://stats.mos.ru/ss2.min.js, line 1: WEBGL_debug_renderer_info is deprecated in Firefox and will be removed. Please use RENDERER.
JavaScript warning: https://login.mos.ru/js/das.obf.js, line 1: WEBGL_debug_renderer_info is deprecated in Firefox and will be removed. Please use RENDERER.
JavaScript warning: https://login.mos.ru/js/das.obf.js, line 1: WEBGL_debug_renderer_info is deprecated in Firefox and will be removed. Please use RENDERER.
1665659332242	Marionette	INFO	Stopped listening on port 52220
JavaScript error: resource://gre/modules/Sqlite.jsm, line 1108: Error: Sqlite.jsm has been shutdown. Cannot open connection to: C:\Users\STUDEN~1\AppData\Local\Temp\rust_mozprofileYiwNjT\protections.sqlite
1665659388567	geckodriver	INFO	Listening on 127.0.0.1:52255
1665659391666	mozrunner::runner	INFO	Running command: "C:\\Program Files\\Mozilla Firefox\\firefox.exe" "--marionette" "--remote-debugging-port" "52256" "--remote-allow-hosts" "localhost" "-no-remote" "-profile" "C:\\Users\\STUDEN~1\\AppData\\Local\\Temp\\rust_mozprofileT0d6WS"
1665659391944	Marionette	INFO	Marionette enabled
1665659391948	Marionette	INFO	Listening on port 52265
Read port: 52265
WebDriver BiDi listening on ws://127.0.0.1:52256
1665659392050	RemoteAgent	WARN	TLS certificate errors will be ignored for this session
console.warn: SearchSettings: "get: No settings file exists, new profile?" (new NotFoundError("Could not open the file at C:\\Users\\STUDEN~1\\AppData\\Local\\Temp\\rust_mozprofileT0d6WS\\search.json.mozlz4", (void 0)))
DevTools listening on ws://127.0.0.1:52256/devtools/browser/608d9783-522f-4281-8d5f-437b8e16fbfe
JavaScript warning: https://stats.mos.ru/ss2.min.js, line 1: WEBGL_debug_renderer_info is deprecated in Firefox and will be removed. Please use RENDERER.
JavaScript warning: https://stats.mos.ru/ss2.min.js, line 1: WEBGL_debug_renderer_info is deprecated in Firefox and will be removed. Please use RENDERER.
JavaScript warning: https://login.mos.ru/js/das.obf.js, line 1: WEBGL_debug_renderer_info is deprecated in Firefox and will be removed. Please use RENDERER.
JavaScript warning: https://login.mos.ru/js/das.obf.js, line 1: WEBGL_debug_renderer_info is deprecated in Firefox and will be removed. Please use RENDERER.
JavaScript warning: https://login.mos.ru/sps/assets/blitz-common/ilib/fingerprint2/fingerprint2-1.7.0.min.js, line 1: WEBGL_debug_renderer_info is deprecated in Firefox and will be removed. Please use RENDERER.
JavaScript warning: https://login.mos.ru/sps/assets/blitz-common/ilib/fingerprint2/fingerprint2-1.7.0.min.js, line 1: WEBGL_debug_renderer_info is deprecated in Firefox and will be removed. Please use RENDERER.
console.warn: LoginRecipes: "Falling back to a synchronous message for: https://login.mos.ru."
SourceActor threw an exception: Error: Failed to fetch https://login.mos.ru/sps/login/methods/password?bo=%2Fsps%2Foauth%2Fae%3Fresponse_type%3Dcode%26access_type%3Doffline%26client_id%3Dlk.emias.mos.ru%26scope%3Dopenid%2Bprofile%2Bcontacts%26redirect_uri%3Dhttps%3A%2F%2Flk.emias.mos.ru%2Fauth. Code 2152398879.
Stack: onResponse@resource://devtools/shared/DevToolsUtils.js:583:16
onStopRequest@resource://gre/modules/NetUtil.jsm:126:18
Line: 583, column: 16
console.error: (new Error("Failed to fetch https://login.mos.ru/sps/login/methods/password?bo=%2Fsps%2Foauth%2Fae%3Fresponse_type%3Dcode%26access_type%3Doffline%26client_id%3Dlk.emias.mos.ru%26scope%3Dopenid%2Bprofile%2Bcontacts%26redirect_uri%3Dhttps%3A%2F%2Flk.emias.mos.ru%2Fauth. Code 2152398879.", "resource://devtools/shared/DevToolsUtils.js", 583))
JavaScript error: resource://devtools/shared/DevToolsUtils.js, line 583: Error: Failed to fetch https://login.mos.ru/sps/login/methods/password?bo=%2Fsps%2Foauth%2Fae%3Fresponse_type%3Dcode%26access_type%3Doffline%26client_id%3Dlk.emias.mos.ru%26scope%3Dopenid%2Bprofile%2Bcontacts%26redirect_uri%3Dhttps%3A%2F%2Flk.emias.mos.ru%2Fauth. Code 2152398879.
console.warn: LoginRecipes: "Falling back to a synchronous message for: https://login.mos.ru."
console.warn: LoginRecipes: "Falling back to a synchronous message for: https://login.mos.ru."
console.error: (new TypeError("currentNode is null", "resource://devtools/client/inspector/shared/style-change-tracker.js", 66))
TypeError: currentNode is null: canMutationImpactCurrentStyles@resource://devtools/client/inspector/shared/style-change-tracker.js:66:20
onMutations@resource://devtools/client/inspector/shared/style-change-tracker.js:84:41
_emit@resource://devtools/shared/event-emitter.js:242:32
emit@resource://devtools/shared/event-emitter.js:186:18
emit@resource://devtools/shared/event-emitter.js:330:18
getMutations@resource://devtools/client/fronts/walker.js:312:10

console.error: "Unable to find target with innerWindowId:4294967298"
JavaScript warning: https://stats.mos.ru/ss2.min.js, line 1: WEBGL_debug_renderer_info is deprecated in Firefox and will be removed. Please use RENDERER.
JavaScript warning: https://stats.mos.ru/ss2.min.js, line 1: WEBGL_debug_renderer_info is deprecated in Firefox and will be removed. Please use RENDERER.
JavaScript warning: https://login.mos.ru/js/das.obf.js, line 1: WEBGL_debug_renderer_info is deprecated in Firefox and will be removed. Please use RENDERER.
JavaScript warning: https://login.mos.ru/js/das.obf.js, line 1: WEBGL_debug_renderer_info is deprecated in Firefox and will be removed. Please use RENDERER.
1665659405840	Marionette	INFO	Stopped listening on port 52265
console.warn: "Async method failed in safeAsyncMethod" (new Error("Connection closed, pending request to server0.conn0.windowGlobal4294967299/layout159, type getGrids failed\n\nRequest stack:\nrequest@resource://devtools/shared/protocol/Front.js:301:14\ngenerateRequestMethods/</frontProto[name]@resource://devtools/shared/protocol/Front/FrontClassWithSpec.js:49:19\ngetAllGrids@resource://devtools/client/fronts/layout.js:171:17\nexports.safeAsyncMethod/<@resource://devtools/shared/async-utils.js:61:25\ngetGrids@resource://devtools/client/inspector/grids/grid-inspector.js:449:35\nobserve@resource://gre/modules/AsyncShutdown.jsm:576:16\nGeckoDriver.prototype.quit@chrome://remote/content/marionette/driver.js:2838:22\ndespatch@chrome://remote/content/marionette/server.js:304:40\nexecute@chrome://remote/content/marionette/server.js:277:16\nonPacket/<@chrome://remote/content/marionette/server.js:250:20\nonPacket@chrome://remote/content/marionette/server.js:251:9\n_onJSONObjectReady/<@chrome://remote/content/marionette/transport.js:502:20\n", "resource://devtools/shared/protocol/Front.js", 107))
JavaScript error: , line 0: NotFoundError: No such JSWindowActor 'DevToolsFrame'
JavaScript error: , line 0: NotFoundError: No such JSWindowActor 'DevToolsFrame'
JavaScript error: , line 0: NotFoundError: No such JSWindowActor 'DevToolsFrame'
console.error: "Tried to send a 'getApplied' method reply on an already destroyed actor 'pagestyle'"
JavaScript error: , line 0: NotFoundError: No such JSWindowActor 'DevToolsFrame'
JavaScript error: , line 0: NotFoundError: No such JSWindowActor 'DevToolsFrame'
JavaScript error: , line 0: NotFoundError: No such JSWindowActor 'DevToolsFrame'
JavaScript error: , line 0: NotFoundError: No such JSWindowActor 'DevToolsFrame'
JavaScript error: , line 0: NotFoundError: No such JSWindowActor 'DevToolsFrame'
JavaScript error: , line 0: NotFoundError: No such JSWindowActor 'DevToolsFrame'
JavaScript error: , line 0: NotFoundError: No such JSWindowActor 'DevToolsFrame'
JavaScript error: , line 0: NotFoundError: No such JSWindowActor 'DevToolsFrame'
JavaScript error: , line 0: NotFoundError: No such JSWindowActor 'DevToolsFrame'
JavaScript error: , line 0: NotFoundError: No such JSWindowActor 'DevToolsFrame'
JavaScript error: , line 0: NotFoundError: No such JSWindowActor 'DevToolsFrame'
JavaScript error: , line 0: NotFoundError: No such JSWindowActor 'DevToolsFrame'
console.error: "stylesheets: fetch failed for https://login.mos.ru/sps/assets/blitz-common/theme/assets/skin/default_skin/css/theme.min.css, using system principal instead."
1665659493596	geckodriver	INFO	Listening on 127.0.0.1:52314
1665659496657	mozrunner::runner	INFO	Running command: "C:\\Program Files\\Mozilla Firefox\\firefox.exe" "--marionette" "--remote-debugging-port" "52315" "--remote-allow-hosts" "localhost" "-no-remote" "-profile" "C:\\Users\\STUDEN~1\\AppData\\Local\\Temp\\rust_mozprofileF9sBjH"
1665659497005	Marionette	INFO	Marionette enabled
1665659497010	Marionette	INFO	Listening on port 52324
WebDriver BiDi listening on ws://127.0.0.1:52315
Read port: 52324
1665659497281	RemoteAgent	WARN	TLS certificate errors will be ignored for this session
console.warn: SearchSettings: "get: No settings file exists, new profile?" (new NotFoundError("Could not open the file at C:\\Users\\STUDEN~1\\AppData\\Local\\Temp\\rust_mozprofileF9sBjH\\search.json.mozlz4", (void 0)))
DevTools listening on ws://127.0.0.1:52315/devtools/browser/399fe58c-a20e-4311-86e3-949acb0ea85a
JavaScript warning: https://stats.mos.ru/ss2.min.js, line 1: WEBGL_debug_renderer_info is deprecated in Firefox and will be removed. Please use RENDERER.
JavaScript warning: https://stats.mos.ru/ss2.min.js, line 1: WEBGL_debug_renderer_info is deprecated in Firefox and will be removed. Please use RENDERER.
JavaScript warning: https://login.mos.ru/js/das.obf.js, line 1: WEBGL_debug_renderer_info is deprecated in Firefox and will be removed. Please use RENDERER.
JavaScript warning: https://login.mos.ru/js/das.obf.js, line 1: WEBGL_debug_renderer_info is deprecated in Firefox and will be removed. Please use RENDERER.
JavaScript warning: https://login.mos.ru/sps/assets/blitz-common/ilib/fingerprint2/fingerprint2-1.7.0.min.js, line 1: WEBGL_debug_renderer_info is deprecated in Firefox and will be removed. Please use RENDERER.
JavaScript warning: https://login.mos.ru/sps/assets/blitz-common/ilib/fingerprint2/fingerprint2-1.7.0.min.js, line 1: WEBGL_debug_renderer_info is deprecated in Firefox and will be removed. Please use RENDERER.
1665659500725	Marionette	INFO	Stopped listening on port 52324
1665659619015	geckodriver	INFO	Listening on 127.0.0.1:52408
1665659622097	mozrunner::runner	INFO	Running command: "C:\\Program Files\\Mozilla Firefox\\firefox.exe" "--marionette" "--remote-debugging-port" "52409" "--remote-allow-hosts" "localhost" "-no-remote" "-profile" "C:\\Users\\STUDEN~1\\AppData\\Local\\Temp\\rust_mozprofileYyHFeT"
1665659622441	Marionette	INFO	Marionette enabled
1665659622445	Marionette	INFO	Listening on port 52417
WebDriver BiDi listening on ws://127.0.0.1:52409
Read port: 52417
1665659622684	RemoteAgent	WARN	TLS certificate errors will be ignored for this session
console.warn: SearchSettings: "get: No settings file exists, new profile?" (new NotFoundError("Could not open the file at C:\\Users\\STUDEN~1\\AppData\\Local\\Temp\\rust_mozprofileYyHFeT\\search.json.mozlz4", (void 0)))
DevTools listening on ws://127.0.0.1:52409/devtools/browser/2612c39f-5aba-4e9b-beb2-883e8e518ce5
JavaScript warning: https://stats.mos.ru/ss2.min.js, line 1: WEBGL_debug_renderer_info is deprecated in Firefox and will be removed. Please use RENDERER.
JavaScript warning: https://stats.mos.ru/ss2.min.js, line 1: WEBGL_debug_renderer_info is deprecated in Firefox and will be removed. Please use RENDERER.
JavaScript warning: https://login.mos.ru/js/das.obf.js, line 1: WEBGL_debug_renderer_info is deprecated in Firefox and will be removed. Please use RENDERER.
JavaScript warning: https://login.mos.ru/js/das.obf.js, line 1: WEBGL_debug_renderer_info is deprecated in Firefox and will be removed. Please use RENDERER.
1665659625581	Marionette	INFO	Stopped listening on port 52417
JavaScript error: resource://gre/modules/Sqlite.jsm, line 1108: Error: Sqlite.jsm has been shutdown. Cannot open connection to: C:\Users\STUDEN~1\AppData\Local\Temp\rust_mozprofileYyHFeT\protections.sqlite
1665659813155	geckodriver	INFO	Listening on 127.0.0.1:52586
1665659816241	mozrunner::runner	INFO	Running command: "C:\\Program Files\\Mozilla Firefox\\firefox.exe" "--marionette" "--remote-debugging-port" "52587" "--remote-allow-hosts" "localhost" "-no-remote" "-profile" "C:\\Users\\STUDEN~1\\AppData\\Local\\Temp\\rust_mozprofilertPGIO"
1665659816642	Marionette	INFO	Marionette enabled
1665659816649	Marionette	INFO	Listening on port 52596
Read port: 52596
WebDriver BiDi listening on ws://127.0.0.1:52587
1665659816761	RemoteAgent	WARN	TLS certificate errors will be ignored for this session
console.warn: SearchSettings: "get: No settings file exists, new profile?" (new NotFoundError("Could not open the file at C:\\Users\\STUDEN~1\\AppData\\Local\\Temp\\rust_mozprofilertPGIO\\search.json.mozlz4", (void 0)))
DevTools listening on ws://127.0.0.1:52587/devtools/browser/5b1baeb8-3926-4e45-b22c-f9899efeb9cd
JavaScript warning: https://stats.mos.ru/ss2.min.js, line 1: WEBGL_debug_renderer_info is deprecated in Firefox and will be removed. Please use RENDERER.
JavaScript warning: https://stats.mos.ru/ss2.min.js, line 1: WEBGL_debug_renderer_info is deprecated in Firefox and will be removed. Please use RENDERER.
1665659819403	Marionette	INFO	Stopped listening on port 52596
1665659852051	geckodriver	INFO	Listening on 127.0.0.1:52625
1665659855145	mozrunner::runner	INFO	Running command: "C:\\Program Files\\Mozilla Firefox\\firefox.exe" "--marionette" "--remote-debugging-port" "52626" "--remote-allow-hosts" "localhost" "-no-remote" "-profile" "C:\\Users\\STUDEN~1\\AppData\\Local\\Temp\\rust_mozprofileGtaSK3"
1665659855453	Marionette	INFO	Marionette enabled
1665659855458	Marionette	INFO	Listening on port 52635
Read port: 52635
WebDriver BiDi listening on ws://127.0.0.1:52626
1665659855580	RemoteAgent	WARN	TLS certificate errors will be ignored for this session
console.warn: SearchSettings: "get: No settings file exists, new profile?" (new NotFoundError("Could not open the file at C:\\Users\\STUDEN~1\\AppData\\Local\\Temp\\rust_mozprofileGtaSK3\\search.json.mozlz4", (void 0)))
DevTools listening on ws://127.0.0.1:52626/devtools/browser/236595af-a729-4bf6-a464-b1515dbbd006
JavaScript warning: https://stats.mos.ru/ss2.min.js, line 1: WEBGL_debug_renderer_info is deprecated in Firefox and will be removed. Please use RENDERER.
JavaScript warning: https://stats.mos.ru/ss2.min.js, line 1: WEBGL_debug_renderer_info is deprecated in Firefox and will be removed. Please use RENDERER.
JavaScript warning: https://login.mos.ru/js/das.obf.js, line 1: WEBGL_debug_renderer_info is deprecated in Firefox and will be removed. Please use RENDERER.
JavaScript warning: https://login.mos.ru/js/das.obf.js, line 1: WEBGL_debug_renderer_info is deprecated in Firefox and will be removed. Please use RENDERER.
JavaScript warning: https://login.mos.ru/sps/assets/blitz-common/ilib/fingerprint2/fingerprint2-1.7.0.min.js, line 1: WEBGL_debug_renderer_info is deprecated in Firefox and will be removed. Please use RENDERER.
JavaScript warning: https://login.mos.ru/sps/assets/blitz-common/ilib/fingerprint2/fingerprint2-1.7.0.min.js, line 1: WEBGL_debug_renderer_info is deprecated in Firefox and will be removed. Please use RENDERER.
1665659859255	Marionette	INFO	Stopped listening on port 52635
1665659914557	geckodriver	INFO	Listening on 127.0.0.1:52661
1665659917606	mozrunner::runner	INFO	Running command: "C:\\Program Files\\Mozilla Firefox\\firefox.exe" "--marionette" "--remote-debugging-port" "52662" "--remote-allow-hosts" "localhost" "-no-remote" "-profile" "C:\\Users\\STUDEN~1\\AppData\\Local\\Temp\\rust_mozprofilep0Bl0b"
1665659917900	Marionette	INFO	Marionette enabled
1665659917904	Marionette	INFO	Listening on port 52671
Read port: 52671
WebDriver BiDi listening on ws://127.0.0.1:52662
1665659918002	RemoteAgent	WARN	TLS certificate errors will be ignored for this session
console.warn: SearchSettings: "get: No settings file exists, new profile?" (new NotFoundError("Could not open the file at C:\\Users\\STUDEN~1\\AppData\\Local\\Temp\\rust_mozprofilep0Bl0b\\search.json.mozlz4", (void 0)))
DevTools listening on ws://127.0.0.1:52662/devtools/browser/fe2bcf74-da0d-41e6-a24d-ab57db95401b
JavaScript warning: https://stats.mos.ru/ss2.min.js, line 1: WEBGL_debug_renderer_info is deprecated in Firefox and will be removed. Please use RENDERER.
JavaScript warning: https://stats.mos.ru/ss2.min.js, line 1: WEBGL_debug_renderer_info is deprecated in Firefox and will be removed. Please use RENDERER.
JavaScript warning: https://login.mos.ru/js/das.obf.js, line 1: WEBGL_debug_renderer_info is deprecated in Firefox and will be removed. Please use RENDERER.
JavaScript warning: https://login.mos.ru/js/das.obf.js, line 1: WEBGL_debug_renderer_info is deprecated in Firefox and will be removed. Please use RENDERER.
JavaScript warning: https://login.mos.ru/sps/assets/blitz-common/ilib/fingerprint2/fingerprint2-1.7.0.min.js, line 1: WEBGL_debug_renderer_info is deprecated in Firefox and will be removed. Please use RENDERER.
JavaScript warning: https://login.mos.ru/sps/assets/blitz-common/ilib/fingerprint2/fingerprint2-1.7.0.min.js, line 1: WEBGL_debug_renderer_info is deprecated in Firefox and will be removed. Please use RENDERER.
1665659921693	Marionette	INFO	Stopped listening on port 52671
1665660025482	geckodriver	INFO	Listening on 127.0.0.1:52759
1665660028619	mozrunner::runner	INFO	Running command: "C:\\Program Files\\Mozilla Firefox\\firefox.exe" "--marionette" "--remote-debugging-port" "52760" "--remote-allow-hosts" "localhost" "-no-remote" "-profile" "C:\\Users\\STUDEN~1\\AppData\\Local\\Temp\\rust_mozprofileh4A6wW"
1665660029573	Marionette	INFO	Marionette enabled
1665660029582	Marionette	INFO	Listening on port 52783
Read port: 52783
WebDriver BiDi listening on ws://127.0.0.1:52760
1665660029759	RemoteAgent	WARN	TLS certificate errors will be ignored for this session
console.warn: SearchSettings: "get: No settings file exists, new profile?" (new NotFoundError("Could not open the file at C:\\Users\\STUDEN~1\\AppData\\Local\\Temp\\rust_mozprofileh4A6wW\\search.json.mozlz4", (void 0)))
DevTools listening on ws://127.0.0.1:52760/devtools/browser/1b4422c7-e2fc-4b03-843d-731f5c39f1d7
JavaScript warning: https://stats.mos.ru/ss2.min.js, line 1: WEBGL_debug_renderer_info is deprecated in Firefox and will be removed. Please use RENDERER.
JavaScript warning: https://stats.mos.ru/ss2.min.js, line 1: WEBGL_debug_renderer_info is deprecated in Firefox and will be removed. Please use RENDERER.
JavaScript warning: https://login.mos.ru/js/das.obf.js, line 1: WEBGL_debug_renderer_info is deprecated in Firefox and will be removed. Please use RENDERER.
JavaScript warning: https://login.mos.ru/js/das.obf.js, line 1: WEBGL_debug_renderer_info is deprecated in Firefox and will be removed. Please use RENDERER.
JavaScript warning: https://login.mos.ru/sps/assets/blitz-common/ilib/fingerprint2/fingerprint2-1.7.0.min.js, line 1: WEBGL_debug_renderer_info is deprecated in Firefox and will be removed. Please use RENDERER.
JavaScript warning: https://login.mos.ru/sps/assets/blitz-common/ilib/fingerprint2/fingerprint2-1.7.0.min.js, line 1: WEBGL_debug_renderer_info is deprecated in Firefox and will be removed. Please use RENDERER.
console.warn: LoginRecipes: "Falling back to a synchronous message for: https://login.mos.ru."
console.warn: LoginRecipes: "Falling back to a synchronous message for: https://login.mos.ru."
JavaScript warning: https://login.mos.ru/js/das.obf.js, line 1: WEBGL_debug_renderer_info is deprecated in Firefox and will be removed. Please use RENDERER.
JavaScript warning: https://login.mos.ru/js/das.obf.js, line 1: WEBGL_debug_renderer_info is deprecated in Firefox and will be removed. Please use RENDERER.
JavaScript warning: https://stats.mos.ru/ss2.min.js, line 1: WEBGL_debug_renderer_info is deprecated in Firefox and will be removed. Please use RENDERER.
JavaScript warning: https://stats.mos.ru/ss2.min.js, line 1: WEBGL_debug_renderer_info is deprecated in Firefox and will be removed. Please use RENDERER.
1665660037812	Marionette	INFO	Stopped listening on port 52783
1665660101819	geckodriver	INFO	Listening on 127.0.0.1:52829
1665660104878	mozrunner::runner	INFO	Running command: "C:\\Program Files\\Mozilla Firefox\\firefox.exe" "--marionette" "--remote-debugging-port" "52830" "--remote-allow-hosts" "localhost" "-no-remote" "-profile" "C:\\Users\\STUDEN~1\\AppData\\Local\\Temp\\rust_mozprofileDT3qQ0"
1665660105267	Marionette	INFO	Marionette enabled
1665660105271	Marionette	INFO	Listening on port 52839
Read port: 52839
WebDriver BiDi listening on ws://127.0.0.1:52830
1665660105375	RemoteAgent	WARN	TLS certificate errors will be ignored for this session
console.warn: SearchSettings: "get: No settings file exists, new profile?" (new NotFoundError("Could not open the file at C:\\Users\\STUDEN~1\\AppData\\Local\\Temp\\rust_mozprofileDT3qQ0\\search.json.mozlz4", (void 0)))
DevTools listening on ws://127.0.0.1:52830/devtools/browser/9d95bfae-1e81-4b77-8c4e-bead63e92378
JavaScript warning: https://stats.mos.ru/ss2.min.js, line 1: WEBGL_debug_renderer_info is deprecated in Firefox and will be removed. Please use RENDERER.
JavaScript warning: https://stats.mos.ru/ss2.min.js, line 1: WEBGL_debug_renderer_info is deprecated in Firefox and will be removed. Please use RENDERER.
JavaScript warning: https://login.mos.ru/js/das.obf.js, line 1: WEBGL_debug_renderer_info is deprecated in Firefox and will be removed. Please use RENDERER.
JavaScript warning: https://login.mos.ru/js/das.obf.js, line 1: WEBGL_debug_renderer_info is deprecated in Firefox and will be removed. Please use RENDERER.
JavaScript warning: https://login.mos.ru/sps/assets/blitz-common/ilib/fingerprint2/fingerprint2-1.7.0.min.js, line 1: WEBGL_debug_renderer_info is deprecated in Firefox and will be removed. Please use RENDERER.
JavaScript warning: https://login.mos.ru/sps/assets/blitz-common/ilib/fingerprint2/fingerprint2-1.7.0.min.js, line 1: WEBGL_debug_renderer_info is deprecated in Firefox and will be removed. Please use RENDERER.
console.warn: LoginRecipes: "Falling back to a synchronous message for: https://login.mos.ru."
console.warn: LoginRecipes: "Falling back to a synchronous message for: https://login.mos.ru."
JavaScript warning: https://stats.mos.ru/ss2.min.js, line 1: WEBGL_debug_renderer_info is deprecated in Firefox and will be removed. Please use RENDERER.
JavaScript warning: https://stats.mos.ru/ss2.min.js, line 1: WEBGL_debug_renderer_info is deprecated in Firefox and will be removed. Please use RENDERER.
1665660126058	Marionette	INFO	Stopped listening on port 52839
1665660146222	geckodriver	INFO	Listening on 127.0.0.1:52894
1665660149259	mozrunner::runner	INFO	Running command: "C:\\Program Files\\Mozilla Firefox\\firefox.exe" "--marionette" "--remote-debugging-port" "52895" "--remote-allow-hosts" "localhost" "-no-remote" "-profile" "C:\\Users\\STUDEN~1\\AppData\\Local\\Temp\\rust_mozprofile66GCNQ"
1665660149629	Marionette	INFO	Marionette enabled
1665660149633	Marionette	INFO	Listening on port 52904
WebDriver BiDi listening on ws://127.0.0.1:52895
Read port: 52904
1665660149951	RemoteAgent	WARN	TLS certificate errors will be ignored for this session
console.warn: SearchSettings: "get: No settings file exists, new profile?" (new NotFoundError("Could not open the file at C:\\Users\\STUDEN~1\\AppData\\Local\\Temp\\rust_mozprofile66GCNQ\\search.json.mozlz4", (void 0)))
DevTools listening on ws://127.0.0.1:52895/devtools/browser/35216aee-9341-4d9c-9cd2-4002e1e1c8e6
JavaScript warning: https://stats.mos.ru/ss2.min.js, line 1: WEBGL_debug_renderer_info is deprecated in Firefox and will be removed. Please use RENDERER.
JavaScript warning: https://stats.mos.ru/ss2.min.js, line 1: WEBGL_debug_renderer_info is deprecated in Firefox and will be removed. Please use RENDERER.
JavaScript warning: https://login.mos.ru/js/das.obf.js, line 1: WEBGL_debug_renderer_info is deprecated in Firefox and will be removed. Please use RENDERER.
JavaScript warning: https://login.mos.ru/js/das.obf.js, line 1: WEBGL_debug_renderer_info is deprecated in Firefox and will be removed. Please use RENDERER.
JavaScript warning: https://login.mos.ru/sps/assets/blitz-common/ilib/fingerprint2/fingerprint2-1.7.0.min.js, line 1: WEBGL_debug_renderer_info is deprecated in Firefox and will be removed. Please use RENDERER.
JavaScript warning: https://login.mos.ru/sps/assets/blitz-common/ilib/fingerprint2/fingerprint2-1.7.0.min.js, line 1: WEBGL_debug_renderer_info is deprecated in Firefox and will be removed. Please use RENDERER.
console.warn: LoginRecipes: "Falling back to a synchronous message for: https://login.mos.ru."
console.warn: LoginRecipes: "Falling back to a synchronous message for: https://login.mos.ru."
JavaScript warning: https://login.mos.ru/js/das.obf.js, line 1: WEBGL_debug_renderer_info is deprecated in Firefox and will be removed. Please use RENDERER.
JavaScript warning: https://login.mos.ru/js/das.obf.js, line 1: WEBGL_debug_renderer_info is deprecated in Firefox and will be removed. Please use RENDERER.
JavaScript warning: https://stats.mos.ru/ss2.min.js, line 1: WEBGL_debug_renderer_info is deprecated in Firefox and will be removed. Please use RENDERER.
JavaScript warning: https://stats.mos.ru/ss2.min.js, line 1: WEBGL_debug_renderer_info is deprecated in Firefox and will be removed. Please use RENDERER.
1665660154231	Marionette	INFO	Stopped listening on port 52904
1665660359527	geckodriver	INFO	Listening on 127.0.0.1:53035
1665660385357	geckodriver	INFO	Listening on 127.0.0.1:53039
1665660530701	geckodriver	INFO	Listening on 127.0.0.1:53111
1665660533791	mozrunner::runner	INFO	Running command: "C:\\Program Files\\Mozilla Firefox\\firefox.exe" "--marionette" "--remote-debugging-port" "53112" "--remote-allow-hosts" "localhost" "-no-remote" "-profile" "C:\\Users\\STUDEN~1\\AppData\\Local\\Temp\\rust_mozprofileAsZ1Jg"
1665660534081	Marionette	INFO	Marionette enabled
1665660534085	Marionette	INFO	Listening on port 53121
Read port: 53121
WebDriver BiDi listening on ws://127.0.0.1:53112
1665660534170	RemoteAgent	WARN	TLS certificate errors will be ignored for this session
console.warn: SearchSettings: "get: No settings file exists, new profile?" (new NotFoundError("Could not open the file at C:\\Users\\STUDEN~1\\AppData\\Local\\Temp\\rust_mozprofileAsZ1Jg\\search.json.mozlz4", (void 0)))
DevTools listening on ws://127.0.0.1:53112/devtools/browser/19657e86-5fee-45e3-a86b-135bfedecb0a
JavaScript warning: https://stats.mos.ru/ss2.min.js, line 1: WEBGL_debug_renderer_info is deprecated in Firefox and will be removed. Please use RENDERER.
JavaScript warning: https://stats.mos.ru/ss2.min.js, line 1: WEBGL_debug_renderer_info is deprecated in Firefox and will be removed. Please use RENDERER.
JavaScript warning: https://login.mos.ru/js/das.obf.js, line 1: WEBGL_debug_renderer_info is deprecated in Firefox and will be removed. Please use RENDERER.
JavaScript warning: https://login.mos.ru/js/das.obf.js, line 1: WEBGL_debug_renderer_info is deprecated in Firefox and will be removed. Please use RENDERER.
JavaScript warning: https://login.mos.ru/sps/assets/blitz-common/ilib/fingerprint2/fingerprint2-1.7.0.min.js, line 1: WEBGL_debug_renderer_info is deprecated in Firefox and will be removed. Please use RENDERER.
JavaScript warning: https://login.mos.ru/sps/assets/blitz-common/ilib/fingerprint2/fingerprint2-1.7.0.min.js, line 1: WEBGL_debug_renderer_info is deprecated in Firefox and will be removed. Please use RENDERER.
console.warn: LoginRecipes: "Falling back to a synchronous message for: https://login.mos.ru."
console.warn: LoginRecipes: "Falling back to a synchronous message for: https://login.mos.ru."
JavaScript warning: https://login.mos.ru/js/das.obf.js, line 1: WEBGL_debug_renderer_info is deprecated in Firefox and will be removed. Please use RENDERER.
JavaScript warning: https://login.mos.ru/js/das.obf.js, line 1: WEBGL_debug_renderer_info is deprecated in Firefox and will be removed. Please use RENDERER.
JavaScript warning: https://stats.mos.ru/ss2.min.js, line 1: WEBGL_debug_renderer_info is deprecated in Firefox and will be removed. Please use RENDERER.
JavaScript warning: https://stats.mos.ru/ss2.min.js, line 1: WEBGL_debug_renderer_info is deprecated in Firefox and will be removed. Please use RENDERER.
1665660538275	Marionette	INFO	Stopped listening on port 53121
1665660571723	geckodriver	INFO	Listening on 127.0.0.1:53159
1665660574807	mozrunner::runner	INFO	Running command: "C:\\Program Files\\Mozilla Firefox\\firefox.exe" "--marionette" "--remote-debugging-port" "53160" "--remote-allow-hosts" "localhost" "-no-remote" "-profile" "C:\\Users\\STUDEN~1\\AppData\\Local\\Temp\\rust_mozprofile87uKt3"
1665660575317	Marionette	INFO	Marionette enabled
1665660575327	Marionette	INFO	Listening on port 53182
Read port: 53182
WebDriver BiDi listening on ws://127.0.0.1:53160
1665660575462	RemoteAgent	WARN	TLS certificate errors will be ignored for this session
console.warn: SearchSettings: "get: No settings file exists, new profile?" (new NotFoundError("Could not open the file at C:\\Users\\STUDEN~1\\AppData\\Local\\Temp\\rust_mozprofile87uKt3\\search.json.mozlz4", (void 0)))
DevTools listening on ws://127.0.0.1:53160/devtools/browser/da9bfca9-0251-412f-a399-63e7af66b53f
JavaScript warning: https://stats.mos.ru/ss2.min.js, line 1: WEBGL_debug_renderer_info is deprecated in Firefox and will be removed. Please use RENDERER.
JavaScript warning: https://stats.mos.ru/ss2.min.js, line 1: WEBGL_debug_renderer_info is deprecated in Firefox and will be removed. Please use RENDERER.
JavaScript warning: https://login.mos.ru/js/das.obf.js, line 1: WEBGL_debug_renderer_info is deprecated in Firefox and will be removed. Please use RENDERER.
JavaScript warning: https://login.mos.ru/js/das.obf.js, line 1: WEBGL_debug_renderer_info is deprecated in Firefox and will be removed. Please use RENDERER.
JavaScript warning: https://login.mos.ru/sps/assets/blitz-common/ilib/fingerprint2/fingerprint2-1.7.0.min.js, line 1: WEBGL_debug_renderer_info is deprecated in Firefox and will be removed. Please use RENDERER.
JavaScript warning: https://login.mos.ru/sps/assets/blitz-common/ilib/fingerprint2/fingerprint2-1.7.0.min.js, line 1: WEBGL_debug_renderer_info is deprecated in Firefox and will be removed. Please use RENDERER.
console.warn: LoginRecipes: "Falling back to a synchronous message for: https://login.mos.ru."
console.warn: LoginRecipes: "Falling back to a synchronous message for: https://login.mos.ru."
1665660581992	Marionette	INFO	Stopped listening on port 53182
